Compiling the CXX compiler identification source file "CMakeCXXCompilerId.cpp" failed.
Compiler: /Library/Developer/CommandLineTools/usr/bin/c++ 
Build flags: 
Id flags:  

The output was:
1
ld: library not found for -lc++
clang: error: linker command failed with exit code 1 (use -v to see invocation)


Compiling the C compiler identification source file "CMakeCCompilerId.c" failed.
Compiler: /Library/Developer/CommandLineTools/usr/bin/cc 
Build flags: 
Id flags:  

The output was:
1
ld: library not found for -lSystem
clang: error: linker command failed with exit code 1 (use -v to see invocation)


Build output check failed:
    Regex: 'unknown .*option'
    Output line: 'warning: unknown warning option '-Wno-aggressive-loop-optimizations' [-Wunknown-warning-option]'
Compilation failed:
    source file: '/Users/yunseon/Downloads/opencv-2.4.13.6-build/CMakeFiles/CMakeTmp/src.cxx'
    check option: ' -fsigned-char -W -Wall -Werror=return-type -Werror=address -Werror=sequence-point -Wformat -Werror=format-security -Wmissing-declarations -Wmissing-prototypes -Wstrict-prototypes -Wundef -Winit-self -Wpointer-arith -Wshadow -Wsign-promo -Wno-narrowing -Wno-delete-non-virtual-dtor -Wno-unnamed-type-template-args -Wno-comment -Wno-array-bounds  -Wno-aggressive-loop-optimizations'
===== BUILD LOG =====
Change Dir: /Users/yunseon/Downloads/opencv-2.4.13.6-build/CMakeFiles/CMakeTmp

Run Build Command(s):/usr/bin/make -f Makefile cmTC_497dd/fast && /Library/Developer/CommandLineTools/usr/bin/make  -f CMakeFiles/cmTC_497dd.dir/build.make CMakeFiles/cmTC_497dd.dir/build
Building CXX object CMakeFiles/cmTC_497dd.dir/src.cxx.o
/Library/Developer/CommandLineTools/usr/bin/c++   -O3 -DNDEBUG -arch arm64 -isysroot /Library/Developer/CommandLineTools/SDKs/MacOSX13.3.sdk    -fsigned-char -W -Wall -Werror=return-type -Werror=address -Werror=sequence-point -Wformat -Werror=format-security -Wmissing-declarations -Wmissing-prototypes -Wstrict-prototypes -Wundef -Winit-self -Wpointer-arith -Wshadow -Wsign-promo -Wno-narrowing -Wno-delete-non-virtual-dtor -Wno-unnamed-type-template-args -Wno-comment -Wno-array-bounds  -Wno-aggressive-loop-optimizations -MD -MT CMakeFiles/cmTC_497dd.dir/src.cxx.o -MF CMakeFiles/cmTC_497dd.dir/src.cxx.o.d -o CMakeFiles/cmTC_497dd.dir/src.cxx.o -c /Users/yunseon/Downloads/opencv-2.4.13.6-build/CMakeFiles/CMakeTmp/src.cxx
warning: unknown warning option '-Wno-aggressive-loop-optimizations' [-Wunknown-warning-option]
/Users/yunseon/Downloads/opencv-2.4.13.6-build/CMakeFiles/CMakeTmp/src.cxx:1:8: warning: unknown pragma ignored [-Wunknown-pragmas]
#pragma
       ^
2 warnings generated.
Linking CXX executable cmTC_497dd
/usr/local/Cellar/cmake/3.20.2/bin/cmake -E cmake_link_script CMakeFiles/cmTC_497dd.dir/link.txt --verbose=1
/Library/Developer/CommandLineTools/usr/bin/c++ -O3 -DNDEBUG -arch arm64 -isysroot /Library/Developer/CommandLineTools/SDKs/MacOSX13.3.sdk -Wl,-search_paths_first -Wl,-headerpad_max_install_names CMakeFiles/cmTC_497dd.dir/src.cxx.o -o cmTC_497dd 


===== END =====

Build output check failed:
    Regex: 'unknown .*option'
    Output line: 'warning: unknown warning option '-Wno-aggressive-loop-optimizations' [-Wunknown-warning-option]'
Compilation failed:
    source file: '/Users/yunseon/Downloads/opencv-2.4.13.6-build/CMakeFiles/CMakeTmp/src.c'
    check option: ' -fsigned-char -W -Wall -Werror=return-type -Werror=address -Werror=sequence-point -Wformat -Werror=format-security -Wmissing-declarations -Wmissing-prototypes -Wstrict-prototypes -Wundef -Winit-self -Wpointer-arith -Wshadow -Wsign-promo -Wno-narrowing -Wno-delete-non-virtual-dtor -Wno-unnamed-type-template-args -Wno-comment -Wno-array-bounds  -Wno-aggressive-loop-optimizations'
===== BUILD LOG =====
Change Dir: /Users/yunseon/Downloads/opencv-2.4.13.6-build/CMakeFiles/CMakeTmp

Run Build Command(s):/usr/bin/make -f Makefile cmTC_d56ad/fast && /Library/Developer/CommandLineTools/usr/bin/make  -f CMakeFiles/cmTC_d56ad.dir/build.make CMakeFiles/cmTC_d56ad.dir/build
Building C object CMakeFiles/cmTC_d56ad.dir/src.c.o
/Library/Developer/CommandLineTools/usr/bin/cc   -O3 -DNDEBUG -arch arm64 -isysroot /Library/Developer/CommandLineTools/SDKs/MacOSX13.3.sdk    -fsigned-char -W -Wall -Werror=return-type -Werror=address -Werror=sequence-point -Wformat -Werror=format-security -Wmissing-declarations -Wmissing-prototypes -Wstrict-prototypes -Wundef -Winit-self -Wpointer-arith -Wshadow -Wsign-promo -Wno-narrowing -Wno-delete-non-virtual-dtor -Wno-unnamed-type-template-args -Wno-comment -Wno-array-bounds  -Wno-aggressive-loop-optimizations -MD -MT CMakeFiles/cmTC_d56ad.dir/src.c.o -MF CMakeFiles/cmTC_d56ad.dir/src.c.o.d -o CMakeFiles/cmTC_d56ad.dir/src.c.o -c /Users/yunseon/Downloads/opencv-2.4.13.6-build/CMakeFiles/CMakeTmp/src.c
warning: unknown warning option '-Wno-aggressive-loop-optimizations' [-Wunknown-warning-option]
/Users/yunseon/Downloads/opencv-2.4.13.6-build/CMakeFiles/CMakeTmp/src.c:1:8: warning: unknown pragma ignored [-Wunknown-pragmas]
#pragma
       ^
2 warnings generated.
Linking C executable cmTC_d56ad
/usr/local/Cellar/cmake/3.20.2/bin/cmake -E cmake_link_script CMakeFiles/cmTC_d56ad.dir/link.txt --verbose=1
/Library/Developer/CommandLineTools/usr/bin/cc -O3 -DNDEBUG -arch arm64 -isysroot /Library/Developer/CommandLineTools/SDKs/MacOSX13.3.sdk -Wl,-search_paths_first -Wl,-headerpad_max_install_names CMakeFiles/cmTC_d56ad.dir/src.c.o -o cmTC_d56ad 


===== END =====

Determining size of off64_t failed with the following output:
Change Dir: /Users/yunseon/Downloads/opencv-2.4.13.6-build/CMakeFiles/CMakeTmp

Run Build Command(s):/usr/bin/make -f Makefile cmTC_afe8e/fast && /Library/Developer/CommandLineTools/usr/bin/make  -f CMakeFiles/cmTC_afe8e.dir/build.make CMakeFiles/cmTC_afe8e.dir/build
Building C object CMakeFiles/cmTC_afe8e.dir/OFF64_T.c.o
/Library/Developer/CommandLineTools/usr/bin/cc   -fsigned-char -W -Wall -Werror=return-type -Werror=address -Werror=sequence-point -Wformat -Werror=format-security -Wmissing-declarations -Wmissing-prototypes -Wstrict-prototypes -Wundef -Winit-self -Wpointer-arith -Wshadow -Wsign-promo -Wno-narrowing -Wno-delete-non-virtual-dtor -Wno-unnamed-type-template-args -Wno-comment -Wno-array-bounds -fdiagnostics-show-option -Wno-long-long -Qunused-arguments -Wno-semicolon-before-method-body -msse -msse2 -msse3  -O3 -DNDEBUG -arch arm64 -isysroot /Library/Developer/CommandLineTools/SDKs/MacOSX13.3.sdk -MD -MT CMakeFiles/cmTC_afe8e.dir/OFF64_T.c.o -MF CMakeFiles/cmTC_afe8e.dir/OFF64_T.c.o.d -o CMakeFiles/cmTC_afe8e.dir/OFF64_T.c.o -c /Users/yunseon/Downloads/opencv-2.4.13.6-build/CMakeFiles/CheckTypeSize/OFF64_T.c
/Users/yunseon/Downloads/opencv-2.4.13.6-build/CMakeFiles/CheckTypeSize/OFF64_T.c:29:12: error: use of undeclared identifier 'off64_t'
  ('0' + ((SIZE / 10000)%10)),
           ^
/Users/yunseon/Downloads/opencv-2.4.13.6-build/CMakeFiles/CheckTypeSize/OFF64_T.c:27:22: note: expanded from macro 'SIZE'
#define SIZE (sizeof(off64_t))
                     ^
/Users/yunseon/Downloads/opencv-2.4.13.6-build/CMakeFiles/CheckTypeSize/OFF64_T.c:30:12: error: use of undeclared identifier 'off64_t'
  ('0' + ((SIZE / 1000)%10)),
           ^
/Users/yunseon/Downloads/opencv-2.4.13.6-build/CMakeFiles/CheckTypeSize/OFF64_T.c:27:22: note: expanded from macro 'SIZE'
#define SIZE (sizeof(off64_t))
                     ^
/Users/yunseon/Downloads/opencv-2.4.13.6-build/CMakeFiles/CheckTypeSize/OFF64_T.c:31:12: error: use of undeclared identifier 'off64_t'
  ('0' + ((SIZE / 100)%10)),
           ^
/Users/yunseon/Downloads/opencv-2.4.13.6-build/CMakeFiles/CheckTypeSize/OFF64_T.c:27:22: note: expanded from macro 'SIZE'
#define SIZE (sizeof(off64_t))
                     ^
/Users/yunseon/Downloads/opencv-2.4.13.6-build/CMakeFiles/CheckTypeSize/OFF64_T.c:32:12: error: use of undeclared identifier 'off64_t'
  ('0' + ((SIZE / 10)%10)),
           ^
/Users/yunseon/Downloads/opencv-2.4.13.6-build/CMakeFiles/CheckTypeSize/OFF64_T.c:27:22: note: expanded from macro 'SIZE'
#define SIZE (sizeof(off64_t))
                     ^
/Users/yunseon/Downloads/opencv-2.4.13.6-build/CMakeFiles/CheckTypeSize/OFF64_T.c:33:12: error: use of undeclared identifier 'off64_t'
  ('0' +  (SIZE    % 10)),
           ^
/Users/yunseon/Downloads/opencv-2.4.13.6-build/CMakeFiles/CheckTypeSize/OFF64_T.c:27:22: note: expanded from macro 'SIZE'
#define SIZE (sizeof(off64_t))
                     ^
5 errors generated.
make[1]: *** [CMakeFiles/cmTC_afe8e.dir/OFF64_T.c.o] Error 1
make: *** [cmTC_afe8e/fast] Error 2


/Users/yunseon/Downloads/opencv-2.4.13.6-build/CMakeFiles/CheckTypeSize/OFF64_T.c:
#include <sys/types.h>
#include <stdint.h>
#include <stddef.h>


#undef KEY
#if defined(__i386)
# define KEY '_','_','i','3','8','6'
#elif defined(__x86_64)
# define KEY '_','_','x','8','6','_','6','4'
#elif defined(__PPC64__)
# define KEY '_','_','P','P','C','6','4','_','_'
#elif defined(__ppc64__)
# define KEY '_','_','p','p','c','6','4','_','_'
#elif defined(__PPC__)
# define KEY '_','_','P','P','C','_','_'
#elif defined(__ppc__)
# define KEY '_','_','p','p','c','_','_'
#elif defined(__aarch64__)
# define KEY '_','_','a','a','r','c','h','6','4','_','_'
#elif defined(__ARM_ARCH_7A__)
# define KEY '_','_','A','R','M','_','A','R','C','H','_','7','A','_','_'
#elif defined(__ARM_ARCH_7S__)
# define KEY '_','_','A','R','M','_','A','R','C','H','_','7','S','_','_'
#endif

#define SIZE (sizeof(off64_t))
static char info_size[] =  {'I', 'N', 'F', 'O', ':', 's','i','z','e','[',
  ('0' + ((SIZE / 10000)%10)),
  ('0' + ((SIZE / 1000)%10)),
  ('0' + ((SIZE / 100)%10)),
  ('0' + ((SIZE / 10)%10)),
  ('0' +  (SIZE    % 10)),
  ']',
#ifdef KEY
  ' ','k','e','y','[', KEY, ']',
#endif
  '\0'};

#ifdef __CLASSIC_C__
int main(argc, argv) int argc; char *argv[];
#else
int main(int argc, char *argv[])
#endif
{
  int require = 0;
  require += info_size[argc];
  (void)argv;
  return require;
}


Determining if the include file io.h exists failed with the following output:
Change Dir: /Users/yunseon/Downloads/opencv-2.4.13.6-build/CMakeFiles/CMakeTmp

Run Build Command(s):/usr/bin/make -f Makefile cmTC_3d797/fast && /Library/Developer/CommandLineTools/usr/bin/make  -f CMakeFiles/cmTC_3d797.dir/build.make CMakeFiles/cmTC_3d797.dir/build
Building C object CMakeFiles/cmTC_3d797.dir/CheckIncludeFile.c.o
/Library/Developer/CommandLineTools/usr/bin/cc   -fsigned-char -W -Wall -Werror=return-type -Werror=address -Werror=sequence-point -Wformat -Werror=format-security -Wmissing-declarations -Wmissing-prototypes -Wstrict-prototypes -Wundef -Winit-self -Wpointer-arith -Wshadow -Wsign-promo -Wno-narrowing -Wno-delete-non-virtual-dtor -Wno-unnamed-type-template-args -Wno-comment -Wno-array-bounds -fdiagnostics-show-option -Wno-long-long -Qunused-arguments -Wno-semicolon-before-method-body -msse -msse2 -msse3  -O3 -DNDEBUG -arch arm64 -isysroot /Library/Developer/CommandLineTools/SDKs/MacOSX13.3.sdk -MD -MT CMakeFiles/cmTC_3d797.dir/CheckIncludeFile.c.o -MF CMakeFiles/cmTC_3d797.dir/CheckIncludeFile.c.o.d -o CMakeFiles/cmTC_3d797.dir/CheckIncludeFile.c.o -c /Users/yunseon/Downloads/opencv-2.4.13.6-build/CMakeFiles/CMakeTmp/CheckIncludeFile.c
/Users/yunseon/Downloads/opencv-2.4.13.6-build/CMakeFiles/CMakeTmp/CheckIncludeFile.c:1:10: fatal error: 'io.h' file not found
#include <io.h>
         ^~~~~~
1 error generated.
make[1]: *** [CMakeFiles/cmTC_3d797.dir/CheckIncludeFile.c.o] Error 1
make: *** [cmTC_3d797/fast] Error 2



Determining if the function jbg_newlen exists failed with the following output:
Change Dir: /Users/yunseon/Downloads/opencv-2.4.13.6-build/CMakeFiles/CMakeTmp

Run Build Command(s):/usr/bin/make -f Makefile cmTC_d1f08/fast && /Library/Developer/CommandLineTools/usr/bin/make  -f CMakeFiles/cmTC_d1f08.dir/build.make CMakeFiles/cmTC_d1f08.dir/build
Building C object CMakeFiles/cmTC_d1f08.dir/CheckFunctionExists.c.o
/Library/Developer/CommandLineTools/usr/bin/cc   -fsigned-char -W -Wall -Werror=return-type -Werror=address -Werror=sequence-point -Wformat -Werror=format-security -Wmissing-declarations -Wmissing-prototypes -Wstrict-prototypes -Wundef -Winit-self -Wpointer-arith -Wshadow -Wsign-promo -Wno-narrowing -Wno-delete-non-virtual-dtor -Wno-unnamed-type-template-args -Wno-comment -Wno-array-bounds -fdiagnostics-show-option -Wno-long-long -Qunused-arguments -Wno-semicolon-before-method-body -msse -msse2 -msse3 -DCHECK_FUNCTION_EXISTS=jbg_newlen -O3 -DNDEBUG -arch arm64 -isysroot /Library/Developer/CommandLineTools/SDKs/MacOSX13.3.sdk -MD -MT CMakeFiles/cmTC_d1f08.dir/CheckFunctionExists.c.o -MF CMakeFiles/cmTC_d1f08.dir/CheckFunctionExists.c.o.d -o CMakeFiles/cmTC_d1f08.dir/CheckFunctionExists.c.o -c /usr/local/Cellar/cmake/3.20.2/share/cmake/Modules/CheckFunctionExists.c
Linking C executable cmTC_d1f08
/usr/local/Cellar/cmake/3.20.2/bin/cmake -E cmake_link_script CMakeFiles/cmTC_d1f08.dir/link.txt --verbose=1
/Library/Developer/CommandLineTools/usr/bin/cc    -fsigned-char -W -Wall -Werror=return-type -Werror=address -Werror=sequence-point -Wformat -Werror=format-security -Wmissing-declarations -Wmissing-prototypes -Wstrict-prototypes -Wundef -Winit-self -Wpointer-arith -Wshadow -Wsign-promo -Wno-narrowing -Wno-delete-non-virtual-dtor -Wno-unnamed-type-template-args -Wno-comment -Wno-array-bounds -fdiagnostics-show-option -Wno-long-long -Qunused-arguments -Wno-semicolon-before-method-body -msse -msse2 -msse3 -DCHECK_FUNCTION_EXISTS=jbg_newlen -O3 -DNDEBUG -arch arm64 -isysroot /Library/Developer/CommandLineTools/SDKs/MacOSX13.3.sdk -Wl,-search_paths_first -Wl,-headerpad_max_install_names CMakeFiles/cmTC_d1f08.dir/CheckFunctionExists.c.o -o cmTC_d1f08 
Undefined symbols for architecture arm64:
  "_jbg_newlen", referenced from:
      _main in CheckFunctionExists.c.o
ld: symbol(s) not found for architecture arm64
clang: error: linker command failed with exit code 1 (use -v to see invocation)
make[1]: *** [cmTC_d1f08] Error 1
make: *** [cmTC_d1f08/fast] Error 2



Build output check failed:
    Regex: 'unknown .*option'
    Output line: 'warning: unknown warning option '-Wno-maybe-uninitialized', did you mean '-Wno-uninitialized'? [-Wunknown-warning-option]'
Compilation failed:
    source file: '/Users/yunseon/Downloads/opencv-2.4.13.6-build/CMakeFiles/CMakeTmp/src.c'
    check option: ' -Wno-maybe-uninitialized'
===== BUILD LOG =====
Change Dir: /Users/yunseon/Downloads/opencv-2.4.13.6-build/CMakeFiles/CMakeTmp

Run Build Command(s):/usr/bin/make -f Makefile cmTC_c8d23/fast && /Library/Developer/CommandLineTools/usr/bin/make  -f CMakeFiles/cmTC_c8d23.dir/build.make CMakeFiles/cmTC_c8d23.dir/build
Building C object CMakeFiles/cmTC_c8d23.dir/src.c.o
/Library/Developer/CommandLineTools/usr/bin/cc   -fsigned-char -W -Wall -Werror=return-type -Werror=address -Werror=sequence-point -Wformat -Werror=format-security   -Wstrict-prototypes  -Winit-self -Wpointer-arith  -Wsign-promo -Wno-narrowing -Wno-delete-non-virtual-dtor -Wno-unnamed-type-template-args -Wno-comment -Wno-array-bounds -fdiagnostics-show-option -Wno-long-long -Qunused-arguments -Wno-semicolon-before-method-body -msse -msse2 -msse3 -Wno-unused-but-set-variable -Wno-missing-prototypes -Wno-missing-declarations -Wno-undef -Wno-unused -Wno-sign-compare -Wno-cast-align -Wno-shadow  -O3 -DNDEBUG -arch arm64 -isysroot /Library/Developer/CommandLineTools/SDKs/MacOSX13.3.sdk    -Wno-maybe-uninitialized -MD -MT CMakeFiles/cmTC_c8d23.dir/src.c.o -MF CMakeFiles/cmTC_c8d23.dir/src.c.o.d -o CMakeFiles/cmTC_c8d23.dir/src.c.o -c /Users/yunseon/Downloads/opencv-2.4.13.6-build/CMakeFiles/CMakeTmp/src.c
warning: unknown warning option '-Wno-maybe-uninitialized'; did you mean '-Wno-uninitialized'? [-Wunknown-warning-option]
/Users/yunseon/Downloads/opencv-2.4.13.6-build/CMakeFiles/CMakeTmp/src.c:1:8: warning: unknown pragma ignored [-Wunknown-pragmas]
#pragma
       ^
2 warnings generated.
Linking C executable cmTC_c8d23
/usr/local/Cellar/cmake/3.20.2/bin/cmake -E cmake_link_script CMakeFiles/cmTC_c8d23.dir/link.txt --verbose=1
/Library/Developer/CommandLineTools/usr/bin/cc    -fsigned-char -W -Wall -Werror=return-type -Werror=address -Werror=sequence-point -Wformat -Werror=format-security   -Wstrict-prototypes  -Winit-self -Wpointer-arith  -Wsign-promo -Wno-narrowing -Wno-delete-non-virtual-dtor -Wno-unnamed-type-template-args -Wno-comment -Wno-array-bounds -fdiagnostics-show-option -Wno-long-long -Qunused-arguments -Wno-semicolon-before-method-body -msse -msse2 -msse3 -Wno-unused-but-set-variable -Wno-missing-prototypes -Wno-missing-declarations -Wno-undef -Wno-unused -Wno-sign-compare -Wno-cast-align -Wno-shadow  -O3 -DNDEBUG -arch arm64 -isysroot /Library/Developer/CommandLineTools/SDKs/MacOSX13.3.sdk -Wl,-search_paths_first -Wl,-headerpad_max_install_names CMakeFiles/cmTC_c8d23.dir/src.c.o -o cmTC_c8d23 


===== END =====

Determining if the include file linux/videodev.h exists failed with the following output:
Change Dir: /Users/yunseon/Downloads/opencv-2.4.13.6-build/CMakeFiles/CMakeTmp

Run Build Command(s):/usr/bin/make -f Makefile cmTC_c5667/fast && /Library/Developer/CommandLineTools/usr/bin/make  -f CMakeFiles/cmTC_c5667.dir/build.make CMakeFiles/cmTC_c5667.dir/build
Building C object CMakeFiles/cmTC_c5667.dir/CheckIncludeFile.c.o
/Library/Developer/CommandLineTools/usr/bin/cc   -fsigned-char -W -Wall -Werror=return-type -Werror=address -Werror=sequence-point -Wformat -Werror=format-security -Wmissing-declarations -Wmissing-prototypes -Wstrict-prototypes -Wundef -Winit-self -Wpointer-arith -Wshadow -Wsign-promo -Wno-narrowing -Wno-delete-non-virtual-dtor -Wno-unnamed-type-template-args -Wno-comment -Wno-array-bounds -fdiagnostics-show-option -Wno-long-long -Qunused-arguments -Wno-semicolon-before-method-body -msse -msse2 -msse3  -O3 -DNDEBUG -arch arm64 -isysroot /Library/Developer/CommandLineTools/SDKs/MacOSX13.3.sdk -MD -MT CMakeFiles/cmTC_c5667.dir/CheckIncludeFile.c.o -MF CMakeFiles/cmTC_c5667.dir/CheckIncludeFile.c.o.d -o CMakeFiles/cmTC_c5667.dir/CheckIncludeFile.c.o -c /Users/yunseon/Downloads/opencv-2.4.13.6-build/CMakeFiles/CMakeTmp/CheckIncludeFile.c
/Users/yunseon/Downloads/opencv-2.4.13.6-build/CMakeFiles/CMakeTmp/CheckIncludeFile.c:1:10: fatal error: 'linux/videodev.h' file not found
#include <linux/videodev.h>
         ^~~~~~~~~~~~~~~~~~
1 error generated.
make[1]: *** [CMakeFiles/cmTC_c5667.dir/CheckIncludeFile.c.o] Error 1
make: *** [cmTC_c5667/fast] Error 2



Determining if the include file linux/videodev2.h exists failed with the following output:
Change Dir: /Users/yunseon/Downloads/opencv-2.4.13.6-build/CMakeFiles/CMakeTmp

Run Build Command(s):/usr/bin/make -f Makefile cmTC_6a269/fast && /Library/Developer/CommandLineTools/usr/bin/make  -f CMakeFiles/cmTC_6a269.dir/build.make CMakeFiles/cmTC_6a269.dir/build
Building C object CMakeFiles/cmTC_6a269.dir/CheckIncludeFile.c.o
/Library/Developer/CommandLineTools/usr/bin/cc   -fsigned-char -W -Wall -Werror=return-type -Werror=address -Werror=sequence-point -Wformat -Werror=format-security -Wmissing-declarations -Wmissing-prototypes -Wstrict-prototypes -Wundef -Winit-self -Wpointer-arith -Wshadow -Wsign-promo -Wno-narrowing -Wno-delete-non-virtual-dtor -Wno-unnamed-type-template-args -Wno-comment -Wno-array-bounds -fdiagnostics-show-option -Wno-long-long -Qunused-arguments -Wno-semicolon-before-method-body -msse -msse2 -msse3  -O3 -DNDEBUG -arch arm64 -isysroot /Library/Developer/CommandLineTools/SDKs/MacOSX13.3.sdk -MD -MT CMakeFiles/cmTC_6a269.dir/CheckIncludeFile.c.o -MF CMakeFiles/cmTC_6a269.dir/CheckIncludeFile.c.o.d -o CMakeFiles/cmTC_6a269.dir/CheckIncludeFile.c.o -c /Users/yunseon/Downloads/opencv-2.4.13.6-build/CMakeFiles/CMakeTmp/CheckIncludeFile.c
/Users/yunseon/Downloads/opencv-2.4.13.6-build/CMakeFiles/CMakeTmp/CheckIncludeFile.c:1:10: fatal error: 'linux/videodev2.h' file not found
#include <linux/videodev2.h>
         ^~~~~~~~~~~~~~~~~~~
1 error generated.
make[1]: *** [CMakeFiles/cmTC_6a269.dir/CheckIncludeFile.c.o] Error 1
make: *** [cmTC_6a269/fast] Error 2



Determining if the include file sys/videoio.h exists failed with the following output:
Change Dir: /Users/yunseon/Downloads/opencv-2.4.13.6-build/CMakeFiles/CMakeTmp

Run Build Command(s):/usr/bin/make -f Makefile cmTC_0debf/fast && /Library/Developer/CommandLineTools/usr/bin/make  -f CMakeFiles/cmTC_0debf.dir/build.make CMakeFiles/cmTC_0debf.dir/build
Building C object CMakeFiles/cmTC_0debf.dir/CheckIncludeFile.c.o
/Library/Developer/CommandLineTools/usr/bin/cc   -fsigned-char -W -Wall -Werror=return-type -Werror=address -Werror=sequence-point -Wformat -Werror=format-security -Wmissing-declarations -Wmissing-prototypes -Wstrict-prototypes -Wundef -Winit-self -Wpointer-arith -Wshadow -Wsign-promo -Wno-narrowing -Wno-delete-non-virtual-dtor -Wno-unnamed-type-template-args -Wno-comment -Wno-array-bounds -fdiagnostics-show-option -Wno-long-long -Qunused-arguments -Wno-semicolon-before-method-body -msse -msse2 -msse3  -O3 -DNDEBUG -arch arm64 -isysroot /Library/Developer/CommandLineTools/SDKs/MacOSX13.3.sdk -MD -MT CMakeFiles/cmTC_0debf.dir/CheckIncludeFile.c.o -MF CMakeFiles/cmTC_0debf.dir/CheckIncludeFile.c.o.d -o CMakeFiles/cmTC_0debf.dir/CheckIncludeFile.c.o -c /Users/yunseon/Downloads/opencv-2.4.13.6-build/CMakeFiles/CMakeTmp/CheckIncludeFile.c
/Users/yunseon/Downloads/opencv-2.4.13.6-build/CMakeFiles/CMakeTmp/CheckIncludeFile.c:1:10: fatal error: 'sys/videoio.h' file not found
#include <sys/videoio.h>
         ^~~~~~~~~~~~~~~
1 error generated.
make[1]: *** [CMakeFiles/cmTC_0debf.dir/CheckIncludeFile.c.o] Error 1
make: *** [cmTC_0debf/fast] Error 2



Build output check failed:
    Regex: 'unknown .*option'
    Output line: 'warning: unknown warning option '-Wno-clobbered' [-Wunknown-warning-option]'
Compilation failed:
    source file: '/Users/yunseon/Downloads/opencv-2.4.13.6-build/CMakeFiles/CMakeTmp/src.cxx'
    check option: ' -Wno-clobbered'
===== BUILD LOG =====
Change Dir: /Users/yunseon/Downloads/opencv-2.4.13.6-build/CMakeFiles/CMakeTmp

Run Build Command(s):/usr/bin/make -f Makefile cmTC_a9c73/fast && /Library/Developer/CommandLineTools/usr/bin/make  -f CMakeFiles/cmTC_a9c73.dir/build.make CMakeFiles/cmTC_a9c73.dir/build
Building CXX object CMakeFiles/cmTC_a9c73.dir/src.cxx.o
/Library/Developer/CommandLineTools/usr/bin/c++   -fsigned-char -W -Wall -Werror=return-type -Werror=address -Werror=sequence-point -Wformat -Werror=format-security -Wmissing-declarations -Wmissing-prototypes -Wstrict-prototypes -Wundef -Winit-self -Wpointer-arith -Wshadow -Wsign-promo -Wno-narrowing -Wno-delete-non-virtual-dtor -Wno-unnamed-type-template-args -Wno-comment -Wno-array-bounds -fdiagnostics-show-option -Wno-long-long -Qunused-arguments -Wno-semicolon-before-method-body -msse -msse2 -msse3 -Wno-deprecated-declarations  -O3 -DNDEBUG -arch arm64 -isysroot /Library/Developer/CommandLineTools/SDKs/MacOSX13.3.sdk    -Wno-clobbered -MD -MT CMakeFiles/cmTC_a9c73.dir/src.cxx.o -MF CMakeFiles/cmTC_a9c73.dir/src.cxx.o.d -o CMakeFiles/cmTC_a9c73.dir/src.cxx.o -c /Users/yunseon/Downloads/opencv-2.4.13.6-build/CMakeFiles/CMakeTmp/src.cxx
warning: unknown warning option '-Wno-clobbered' [-Wunknown-warning-option]
/Users/yunseon/Downloads/opencv-2.4.13.6-build/CMakeFiles/CMakeTmp/src.cxx:1:8: warning: unknown pragma ignored [-Wunknown-pragmas]
#pragma
       ^
2 warnings generated.
Linking CXX executable cmTC_a9c73
/usr/local/Cellar/cmake/3.20.2/bin/cmake -E cmake_link_script CMakeFiles/cmTC_a9c73.dir/link.txt --verbose=1
/Library/Developer/CommandLineTools/usr/bin/c++    -fsigned-char -W -Wall -Werror=return-type -Werror=address -Werror=sequence-point -Wformat -Werror=format-security -Wmissing-declarations -Wmissing-prototypes -Wstrict-prototypes -Wundef -Winit-self -Wpointer-arith -Wshadow -Wsign-promo -Wno-narrowing -Wno-delete-non-virtual-dtor -Wno-unnamed-type-template-args -Wno-comment -Wno-array-bounds -fdiagnostics-show-option -Wno-long-long -Qunused-arguments -Wno-semicolon-before-method-body -msse -msse2 -msse3 -Wno-deprecated-declarations  -O3 -DNDEBUG -arch arm64 -isysroot /Library/Developer/CommandLineTools/SDKs/MacOSX13.3.sdk -Wl,-search_paths_first -Wl,-headerpad_max_install_names CMakeFiles/cmTC_a9c73.dir/src.cxx.o -o cmTC_a9c73 


===== END =====

